$ next build
  ▲ Next.js 14.2.5
  - Environments: .env

   Creating an optimized production build ...
2026-02-26T14:53:52.979Z next:build:webpack-build using separate compiler workers
2026-02-26T14:53:54.779Z next:jsconfig-paths-plugin tsconfig.json or jsconfig.json paths: { '@/*': [ './*' ] }
2026-02-26T14:53:54.781Z next:jsconfig-paths-plugin resolved baseUrl: {
  baseUrl: 'C:\\Users\\my\\Downloads\\contest-platform\\apps\\arenax',
  isImplicit: true
}
2026-02-26T14:53:54.801Z next:jsconfig-paths-plugin tsconfig.json or jsconfig.json paths: { '@/*': [ './*' ] }
2026-02-26T14:53:54.802Z next:jsconfig-paths-plugin resolved baseUrl: {
  baseUrl: 'C:\\Users\\my\\Downloads\\contest-platform\\apps\\arenax',
  isImplicit: true
}
2026-02-26T14:53:54.851Z next:jsconfig-paths-plugin tsconfig.json or jsconfig.json paths: { '@/*': [ './*' ] }
2026-02-26T14:53:54.851Z next:jsconfig-paths-plugin resolved baseUrl: {
  baseUrl: 'C:\\Users\\my\\Downloads\\contest-platform\\apps\\arenax',
  isImplicit: true
}
2026-02-26T14:53:54.997Z next:build:webpack-build starting compiler server
2026-02-26T14:53:54.998Z next:build:webpack-build starting server compiler
2026-02-26T14:53:55.445Z next:jsconfig-paths-plugin moduleName did not match any paths pattern next-app-loader
2026-02-26T14:53:55.449Z next:jsconfig-paths-plugin moduleName did not match any paths pattern next-app-loader
2026-02-26T14:53:55.450Z next:jsconfig-paths-plugin moduleName did not match any paths pattern next-app-loader
2026-02-26T14:53:55.451Z next:jsconfig-paths-plugin moduleName did not match any paths pattern next-app-loader
2026-02-26T14:53:55.451Z next:jsconfig-paths-plugin moduleName did not match any paths pattern next-app-loader
2026-02-26T14:53:55.451Z next:jsconfig-paths-plugin moduleName did not match any paths pattern next-app-loader
2026-02-26T14:53:55.452Z next:jsconfig-paths-plugin moduleName did not match any paths pattern next-app-loader
2026-02-26T14:53:55.452Z next:jsconfig-paths-plugin moduleName did not match any paths pattern next-app-loader
2026-02-26T14:53:55.452Z next:jsconfig-paths-plugin moduleName did not match any paths pattern next-app-loader
2026-02-26T14:53:55.452Z next:jsconfig-paths-plugin moduleName did not match any paths pattern next-app-loader
2026-02-26T14:53:55.452Z next:jsconfig-paths-plugin moduleName did not match any paths pattern next-app-loader
2026-02-26T14:53:55.453Z next:jsconfig-paths-plugin moduleName did not match any paths pattern next-app-loader
2026-02-26T14:53:55.453Z next:jsconfig-paths-plugin moduleName did not match any paths pattern next-app-loader
2026-02-26T14:53:55.453Z next:jsconfig-paths-plugin moduleName did not match any paths pattern next-route-loader
2026-02-26T14:53:55.495Z next:jsconfig-paths-plugin moduleName did not match any paths pattern next-app-loader
2026-02-26T14:53:55.495Z next:jsconfig-paths-plugin moduleName did not match any paths pattern next-app-loader
2026-02-26T14:53:55.495Z next:jsconfig-paths-plugin moduleName did not match any paths pattern next-app-loader
2026-02-26T14:53:55.495Z next:jsconfig-paths-plugin moduleName did not match any paths pattern next-app-loader
2026-02-26T14:53:55.495Z next:jsconfig-paths-plugin moduleName did not match any paths pattern next-app-loader
2026-02-26T14:53:55.495Z next:jsconfig-paths-plugin moduleName did not match any paths pattern next-app-loader
2026-02-26T14:53:55.495Z next:jsconfig-paths-plugin moduleName did not match any paths pattern next-app-loader
2026-02-26T14:53:55.495Z next:jsconfig-paths-plugin moduleName did not match any paths pattern next-app-loader
2026-02-26T14:53:55.496Z next:jsconfig-paths-plugin moduleName did not match any paths pattern next-app-loader
2026-02-26T14:53:55.496Z next:jsconfig-paths-plugin moduleName did not match any paths pattern next-app-loader
2026-02-26T14:53:55.496Z next:jsconfig-paths-plugin moduleName did not match any paths pattern next-app-loader
2026-02-26T14:53:55.496Z next:jsconfig-paths-plugin moduleName did not match any paths pattern next-app-loader
2026-02-26T14:53:55.496Z next:jsconfig-paths-plugin moduleName did not match any paths pattern next-app-loader
2026-02-26T14:53:55.513Z next:jsconfig-paths-plugin moduleName did not match any paths pattern next-app-loader
2026-02-26T14:53:55.514Z next:jsconfig-paths-plugin moduleName did not match any paths pattern next-app-loader
2026-02-26T14:53:55.515Z next:jsconfig-paths-plugin moduleName did not match any paths pattern next-app-loader
2026-02-26T14:53:55.515Z next:jsconfig-paths-plugin moduleName did not match any paths pattern next-app-loader
2026-02-26T14:53:55.515Z next:jsconfig-paths-plugin moduleName did not match any paths pattern next-app-loader
2026-02-26T14:53:55.515Z next:jsconfig-paths-plugin moduleName did not match any paths pattern next-app-loader
2026-02-26T14:53:55.515Z next:jsconfig-paths-plugin moduleName did not match any paths pattern next-app-loader
2026-02-26T14:53:55.515Z next:jsconfig-paths-plugin moduleName did not match any paths pattern next-app-loader
2026-02-26T14:53:55.515Z next:jsconfig-paths-plugin moduleName did not match any paths pattern next-app-loader
2026-02-26T14:53:55.516Z next:jsconfig-paths-plugin moduleName did not match any paths pattern next-app-loader
2026-02-26T14:53:55.516Z next:jsconfig-paths-plugin moduleName did not match any paths pattern next-app-loader
2026-02-26T14:53:55.516Z next:jsconfig-paths-plugin moduleName did not match any paths pattern next-app-loader
2026-02-26T14:53:55.516Z next:jsconfig-paths-plugin moduleName did not match any paths pattern next-app-loader
2026-02-26T14:53:55.529Z next:jsconfig-paths-plugin moduleName did not match any paths pattern next-app-loader
2026-02-26T14:53:55.529Z next:jsconfig-paths-plugin moduleName did not match any paths pattern next-app-loader
2026-02-26T14:53:55.530Z next:jsconfig-paths-plugin moduleName did not match any paths pattern next-app-loader
2026-02-26T14:53:55.530Z next:jsconfig-paths-plugin moduleName did not match any paths pattern next-app-loader
2026-02-26T14:53:55.530Z next:jsconfig-paths-plugin moduleName did not match any paths pattern next-app-loader
2026-02-26T14:53:55.530Z next:jsconfig-paths-plugin moduleName did not match any paths pattern next-app-loader
2026-02-26T14:53:55.530Z next:jsconfig-paths-plugin moduleName did not match any paths pattern next-app-loader
2026-02-26T14:53:55.530Z next:jsconfig-paths-plugin moduleName did not match any paths pattern next-app-loader
2026-02-26T14:53:55.530Z next:jsconfig-paths-plugin moduleName did not match any paths pattern next-app-loader
2026-02-26T14:53:55.530Z next:jsconfig-paths-plugin moduleName did not match any paths pattern next-app-loader
2026-02-26T14:53:55.530Z next:jsconfig-paths-plugin moduleName did not match any paths pattern next-app-loader
2026-02-26T14:53:55.530Z next:jsconfig-paths-plugin moduleName did not match any paths pattern next-app-loader
2026-02-26T14:53:55.530Z next:jsconfig-paths-plugin moduleName did not match any paths pattern next-app-loader
2026-02-26T14:53:55.571Z next:jsconfig-paths-plugin moduleName did not match any paths pattern next-route-loader
2026-02-26T14:53:55.572Z next:jsconfig-paths-plugin moduleName did not match any paths pattern next-route-loader
2026-02-26T14:53:55.574Z next:jsconfig-paths-plugin moduleName did not match any paths pattern next-route-loader
2026-02-26T14:53:55.828Z next:jsconfig-paths-plugin skipping request as it is inside node_modules path
2026-02-26T14:53:55.838Z next:jsconfig-paths-plugin skipping request as it is inside node_modules path
2026-02-26T14:53:55.853Z next:jsconfig-paths-plugin moduleName did not match any paths pattern react-server-dom-webpack/server.edge
2026-02-26T14:53:55.856Z next:jsconfig-paths-plugin moduleName did not match any paths pattern react-server-dom-webpack/server.edge
2026-02-26T14:53:55.859Z next:jsconfig-paths-plugin moduleName did not match any paths pattern react-server-dom-webpack/server.edge
2026-02-26T14:53:55.860Z next:jsconfig-paths-plugin moduleName did not match any paths pattern react-server-dom-webpack/server.edge
2026-02-26T14:53:55.905Z next:jsconfig-paths-plugin moduleName did not match any paths pattern @opentelemetry/api
2026-02-26T14:53:55.981Z next:jsconfig-paths-plugin moduleName did not match any paths pattern @opentelemetry/api
2026-02-26T14:53:56.130Z next:jsconfig-paths-plugin skipping request as it is an absolute path C:\Users\my\Downloads\contest-platform\apps\arenax\app\contests\[contestid]\challenge1\[challengeid]\page.tsx
2026-02-26T14:53:56.332Z next:jsconfig-paths-plugin skipping request as it is an absolute path C:\Users\my\Downloads\contest-platform\apps\arenax\app\contests\[contestid]\challenge1\[challengeid]\page.tsx
2026-02-26T14:53:56.407Z next:jsconfig-paths-plugin skipping request as it is an absolute path C:\Users\my\Downloads\contest-platform\apps\arenax\hooks\use-toast
2026-02-26T14:53:56.407Z next:jsconfig-paths-plugin skipping request as it is an absolute path C:\Users\my\Downloads\contest-platform\apps\arenax\context\AuthProvider
2026-02-26T14:53:56.407Z next:jsconfig-paths-plugin skipping request as it is an absolute path C:\Users\my\Downloads\contest-platform\apps\arenax\context\ThemeContext
2026-02-26T14:53:56.408Z next:jsconfig-paths-plugin skipping request as it is an absolute path C:\Users\my\Downloads\contest-platform\apps\arenax\components\Navbar
2026-02-26T14:53:56.408Z next:jsconfig-paths-plugin skipping request as it is an absolute path C:\Users\my\Downloads\contest-platform\apps\arenax\components\Hero
2026-02-26T14:53:56.408Z next:jsconfig-paths-plugin skipping request as it is an absolute path C:\Users\my\Downloads\contest-platform\apps\arenax\components\HowItWorks
2026-02-26T14:53:56.409Z next:jsconfig-paths-plugin skipping request as it is an absolute path C:\Users\my\Downloads\contest-platform\apps\arenax\components\ChallengeTypes
2026-02-26T14:53:56.409Z next:jsconfig-paths-plugin skipping request as it is an absolute path C:\Users\my\Downloads\contest-platform\apps\arenax\components\DemoSection
2026-02-26T14:53:56.409Z next:jsconfig-paths-plugin skipping request as it is an absolute path C:\Users\my\Downloads\contest-platform\apps\arenax\components\Prizes
2026-02-26T14:53:56.409Z next:jsconfig-paths-plugin skipping request as it is an absolute path C:\Users\my\Downloads\contest-platform\apps\arenax\components\CTASection
2026-02-26T14:53:56.409Z next:jsconfig-paths-plugin skipping request as it is an absolute path C:\Users\my\Downloads\contest-platform\apps\arenax\components\Footer
2026-02-26T14:53:56.409Z next:jsconfig-paths-plugin skipping request as it is an absolute path C:\Users\my\Downloads\contest-platform\apps\arenax\components\CustomCursor
2026-02-26T14:53:56.409Z next:jsconfig-paths-plugin skipping request as it is an absolute path C:\Users\my\Downloads\contest-platform\apps\arenax\components\ScrollReveal
2026-02-26T14:53:56.413Z next:jsconfig-paths-plugin skipping request as it is an absolute path C:\Users\my\Downloads\contest-platform\apps\arenax\hooks\use-toast
2026-02-26T14:53:56.415Z next:jsconfig-paths-plugin skipping request as it is an absolute path C:\Users\my\Downloads\contest-platform\apps\arenax\context\AuthProvider
2026-02-26T14:53:56.416Z next:jsconfig-paths-plugin skipping request as it is an absolute path C:\Users\my\Downloads\contest-platform\apps\arenax\context\ThemeContext
2026-02-26T14:53:56.426Z next:jsconfig-paths-plugin skipping request as it is an absolute path C:\Users\my\Downloads\contest-platform\apps\arenax\components\Navbar
2026-02-26T14:53:56.429Z next:jsconfig-paths-plugin skipping request as it is an absolute path C:\Users\my\Downloads\contest-platform\apps\arenax\components\Hero
2026-02-26T14:53:56.429Z next:jsconfig-paths-plugin skipping request as it is an absolute path C:\Users\my\Downloads\contest-platform\apps\arenax\components\HowItWorks
2026-02-26T14:53:56.429Z next:jsconfig-paths-plugin skipping request as it is an absolute path C:\Users\my\Downloads\contest-platform\apps\arenax\components\ChallengeTypes
2026-02-26T14:53:56.429Z next:jsconfig-paths-plugin skipping request as it is an absolute path C:\Users\my\Downloads\contest-platform\apps\arenax\components\DemoSection
2026-02-26T14:53:56.429Z next:jsconfig-paths-plugin skipping request as it is an absolute path C:\Users\my\Downloads\contest-platform\apps\arenax\components\Prizes
2026-02-26T14:53:56.429Z next:jsconfig-paths-plugin skipping request as it is an absolute path C:\Users\my\Downloads\contest-platform\apps\arenax\components\CTASection
2026-02-26T14:53:56.429Z next:jsconfig-paths-plugin skipping request as it is an absolute path C:\Users\my\Downloads\contest-platform\apps\arenax\components\Footer
2026-02-26T14:53:56.429Z next:jsconfig-paths-plugin skipping request as it is an absolute path C:\Users\my\Downloads\contest-platform\apps\arenax\components\CustomCursor
2026-02-26T14:53:56.429Z next:jsconfig-paths-plugin skipping request as it is an absolute path C:\Users\my\Downloads\contest-platform\apps\arenax\components\ScrollReveal
2026-02-26T14:53:56.442Z next:jsconfig-paths-plugin skipping request as it is an absolute path C:\Users\my\Downloads\contest-platform\apps\arenax\context\AuthProvider
2026-02-26T14:53:56.444Z next:jsconfig-paths-plugin skipping request as it is an absolute path C:\Users\my\Downloads\contest-platform\apps\arenax\context\AuthProvider
2026-02-26T14:53:56.447Z next:jsconfig-paths-plugin skipping request as it is an absolute path C:\Users\my\Downloads\contest-platform\apps\arenax\hooks\use-toast
2026-02-26T14:53:56.448Z next:jsconfig-paths-plugin skipping request as it is an absolute path C:\Users\my\Downloads\contest-platform\apps\arenax\hooks\use-toast
2026-02-26T14:53:56.450Z next:jsconfig-paths-plugin skipping request as it is an absolute path C:\Users\my\Downloads\contest-platform\apps\arenax\context\ThemeContext
2026-02-26T14:53:56.454Z next:jsconfig-paths-plugin skipping request as it is an absolute path C:\Users\my\Downloads\contest-platform\apps\arenax\context\ThemeContext
2026-02-26T14:53:56.457Z next:jsconfig-paths-plugin skipping request as it is an absolute path C:\Users\my\Downloads\contest-platform\apps\arenax\components\Hero
2026-02-26T14:53:56.458Z next:jsconfig-paths-plugin skipping request as it is an absolute path C:\Users\my\Downloads\contest-platform\apps\arenax\components\Hero
2026-02-26T14:53:56.461Z next:jsconfig-paths-plugin skipping request as it is an absolute path C:\Users\my\Downloads\contest-platform\apps\arenax\components\HowItWorks
2026-02-26T14:53:56.462Z next:jsconfig-paths-plugin skipping request as it is an absolute path C:\Users\my\Downloads\contest-platform\apps\arenax\components\HowItWorks
2026-02-26T14:53:56.463Z next:jsconfig-paths-plugin skipping request as it is an absolute path C:\Users\my\Downloads\contest-platform\apps\arenax\components\ChallengeTypes
2026-02-26T14:53:56.464Z next:jsconfig-paths-plugin skipping request as it is an absolute path C:\Users\my\Downloads\contest-platform\apps\arenax\components\ChallengeTypes
2026-02-26T14:53:56.468Z next:jsconfig-paths-plugin skipping request as it is an absolute path C:\Users\my\Downloads\contest-platform\apps\arenax\components\DemoSection
2026-02-26T14:53:56.469Z next:jsconfig-paths-plugin skipping request as it is an absolute path C:\Users\my\Downloads\contest-platform\apps\arenax\components\DemoSection
2026-02-26T14:53:56.471Z next:jsconfig-paths-plugin skipping request as it is an absolute path C:\Users\my\Downloads\contest-platform\apps\arenax\components\Prizes
2026-02-26T14:53:56.471Z next:jsconfig-paths-plugin skipping request as it is an absolute path C:\Users\my\Downloads\contest-platform\apps\arenax\components\Prizes
2026-02-26T14:53:56.472Z next:jsconfig-paths-plugin skipping request as it is an absolute path C:\Users\my\Downloads\contest-platform\apps\arenax\components\CTASection
2026-02-26T14:53:56.473Z next:jsconfig-paths-plugin skipping request as it is an absolute path C:\Users\my\Downloads\contest-platform\apps\arenax\components\CTASection
2026-02-26T14:53:56.476Z next:jsconfig-paths-plugin skipping request as it is an absolute path C:\Users\my\Downloads\contest-platform\apps\arenax\components\Navbar
2026-02-26T14:53:56.477Z next:jsconfig-paths-plugin skipping request as it is an absolute path C:\Users\my\Downloads\contest-platform\apps\arenax\components\Navbar
2026-02-26T14:53:56.478Z next:jsconfig-paths-plugin skipping request as it is an absolute path C:\Users\my\Downloads\contest-platform\apps\arenax\components\CustomCursor
2026-02-26T14:53:56.479Z next:jsconfig-paths-plugin skipping request as it is an absolute path C:\Users\my\Downloads\contest-platform\apps\arenax\components\CustomCursor
2026-02-26T14:53:56.481Z next:jsconfig-paths-plugin skipping request as it is an absolute path C:\Users\my\Downloads\contest-platform\apps\arenax\components\ScrollReveal
2026-02-26T14:53:56.482Z next:jsconfig-paths-plugin skipping request as it is an absolute path C:\Users\my\Downloads\contest-platform\apps\arenax\components\ScrollReveal
2026-02-26T14:53:56.498Z next:jsconfig-paths-plugin skipping request as it is an absolute path C:\Users\my\Downloads\contest-platform\apps\arenax\components\Footer
2026-02-26T14:53:56.499Z next:jsconfig-paths-plugin skipping request as it is an absolute path C:\Users\my\Downloads\contest-platform\apps\arenax\components\Footer
2026-02-26T14:53:56.551Z next:jsconfig-paths-plugin skipping request as it is inside node_modules ../client/link
2026-02-26T14:53:56.559Z next:jsconfig-paths-plugin skipping request as it is inside node_modules ../client/link
2026-02-26T14:53:56.942Z next:jsconfig-paths-plugin skipping request as it is an absolute path C:\Users\my\Downloads\contest-platform\apps\arenax\app\contests\[contestid]\challenge1\[challengeid]\page.tsx
2026-02-26T14:53:59.088Z next:build:webpack-build server compiler finished 4090ms
2026-02-26T14:54:00.800Z next:jsconfig-paths-plugin tsconfig.json or jsconfig.json paths: { '@/*': [ './*' ] }
2026-02-26T14:54:00.802Z next:jsconfig-paths-plugin resolved baseUrl: {
  baseUrl: 'C:\\Users\\my\\Downloads\\contest-platform\\apps\\arenax',
  isImplicit: true
}
2026-02-26T14:54:00.816Z next:jsconfig-paths-plugin tsconfig.json or jsconfig.json paths: { '@/*': [ './*' ] }
2026-02-26T14:54:00.816Z next:jsconfig-paths-plugin resolved baseUrl: {
  baseUrl: 'C:\\Users\\my\\Downloads\\contest-platform\\apps\\arenax',
  isImplicit: true
}
2026-02-26T14:54:00.854Z next:jsconfig-paths-plugin tsconfig.json or jsconfig.json paths: { '@/*': [ './*' ] }
2026-02-26T14:54:00.854Z next:jsconfig-paths-plugin resolved baseUrl: {
  baseUrl: 'C:\\Users\\my\\Downloads\\contest-platform\\apps\\arenax',
  isImplicit: true
}
2026-02-26T14:54:00.933Z next:build:webpack-build starting compiler edge-server
2026-02-26T14:54:00.933Z next:build:webpack-build starting edge-server compiler
2026-02-26T14:54:01.178Z next:build:webpack-build edge-server compiler finished 245ms
2026-02-26T14:54:02.880Z next:jsconfig-paths-plugin tsconfig.json or jsconfig.json paths: { '@/*': [ './*' ] }
2026-02-26T14:54:02.881Z next:jsconfig-paths-plugin resolved baseUrl: {
  baseUrl: 'C:\\Users\\my\\Downloads\\contest-platform\\apps\\arenax',
  isImplicit: true
}
2026-02-26T14:54:02.897Z next:jsconfig-paths-plugin tsconfig.json or jsconfig.json paths: { '@/*': [ './*' ] }
2026-02-26T14:54:02.897Z next:jsconfig-paths-plugin resolved baseUrl: {
  baseUrl: 'C:\\Users\\my\\Downloads\\contest-platform\\apps\\arenax',
  isImplicit: true
}
2026-02-26T14:54:02.934Z next:jsconfig-paths-plugin tsconfig.json or jsconfig.json paths: { '@/*': [ './*' ] }
2026-02-26T14:54:02.934Z next:jsconfig-paths-plugin resolved baseUrl: {
  baseUrl: 'C:\\Users\\my\\Downloads\\contest-platform\\apps\\arenax',
  isImplicit: true
}
2026-02-26T14:54:03.030Z next:build:webpack-build starting compiler client
2026-02-26T14:54:03.031Z next:build:webpack-build starting client compiler
2026-02-26T14:54:05.205Z next:jsconfig-paths-plugin skipping request as it is an absolute path C:\Users\my\Downloads\contest-platform\apps\arenax\app\contests\[contestid]\challenge1\[challengeid]\page.tsx
2026-02-26T14:54:07.579Z next:build:webpack-build client compiler finished 4548ms
 ✓ Compiled successfully
   Linting and checking validity of types ...
   Collecting page data ...
2026-02-26T14:54:28.574Z next:build:build-traces starting build traces
   Generating static pages (0/13) ...
 ⨯ useSearchParams() should be wrapped in a suspense boundary at page "/leaderboard". Read more: https://nextjs.org/docs/messages/missing-suspense-with-csr-bailout
    at i (C:\Users\my\Downloads\contest-platform\apps\arenax\.next\server\chunks\593.js:11:23674)
    at u (C:\Users\my\Downloads\contest-platform\apps\arenax\.next\server\chunks\593.js:11:34631)
    at N (C:\Users\my\Downloads\contest-platform\apps\arenax\.next\server\app\leaderboard\page.js:1:12668)
    at nj (C:\Users\my\Downloads\contest-platform\node_modules\next\dist\compiled\next-server\app-page.runtime.prod.js:12:46251)
    at nM (C:\Users\my\Downloads\contest-platform\node_modules\next\dist\compiled\next-server\app-page.runtime.prod.js:12:47571)
    at nN (C:\Users\my\Downloads\contest-platform\node_modules\next\dist\compiled\next-server\app-page.runtime.prod.js:12:64546)
    at nI (C:\Users\my\Downloads\contest-platform\node_modules\next\dist\compiled\next-server\app-page.runtime.prod.js:12:47010)
    at nM (C:\Users\my\Downloads\contest-platform\node_modules\next\dist\compiled\next-server\app-page.runtime.prod.js:12:47717)
    at nM (C:\Users\my\Downloads\contest-platform\node_modules\next\dist\compiled\next-server\app-page.runtime.prod.js:12:61546)
    at nN (C:\Users\my\Downloads\contest-platform\node_modules\next\dist\compiled\next-server\app-page.runtime.prod.js:12:64546)

Error occurred prerendering page "/leaderboard". Read more: https://nextjs.org/docs/messages/prerender-error

   Generating static pages (3/13) 
   Generating static pages (6/13) 
   Generating static pages (9/13) 
TypeError: Cannot read properties of null (reading 'useContext')
    at exports.useContext (C:\Users\my\Downloads\contest-platform\node_modules\react\cjs\react.production.js:491:33)
    at StyleRegistry (C:\Users\my\Downloads\contest-platform\node_modules\styled-jsx\dist\index\index.js:450:30)
    at Wc (C:\Users\my\Downloads\contest-platform\node_modules\next\node_modules\react-dom\cjs\react-dom-server.browser.production.min.js:68:44)
    at Zc (C:\Users\my\Downloads\contest-platform\node_modules\next\node_modules\react-dom\cjs\react-dom-server.browser.production.min.js:70:253)
    at Z (C:\Users\my\Downloads\contest-platform\node_modules\next\node_modules\react-dom\cjs\react-dom-server.browser.production.min.js:76:89)
    at Zc (C:\Users\my\Downloads\contest-platform\node_modules\next\node_modules\react-dom\cjs\react-dom-server.browser.production.min.js:74:209)
    at Z (C:\Users\my\Downloads\contest-platform\node_modules\next\node_modules\react-dom\cjs\react-dom-server.browser.production.min.js:76:89)
    at Zc (C:\Users\my\Downloads\contest-platform\node_modules\next\node_modules\react-dom\cjs\react-dom-server.browser.production.min.js:74:209)
    at Z (C:\Users\my\Downloads\contest-platform\node_modules\next\node_modules\react-dom\cjs\react-dom-server.browser.production.min.js:76:89)
    at Zc (C:\Users\my\Downloads\contest-platform\node_modules\next\node_modules\react-dom\cjs\react-dom-server.browser.production.min.js:74:209)

Error occurred prerendering page "/404". Read more: https://nextjs.org/docs/messages/prerender-error

TypeError: Cannot read properties of null (reading 'useContext')
    at exports.useContext (C:\Users\my\Downloads\contest-platform\node_modules\react\cjs\react.production.js:491:33)
    at StyleRegistry (C:\Users\my\Downloads\contest-platform\node_modules\styled-jsx\dist\index\index.js:450:30)
    at Wc (C:\Users\my\Downloads\contest-platform\node_modules\next\node_modules\react-dom\cjs\react-dom-server.browser.production.min.js:68:44)
    at Zc (C:\Users\my\Downloads\contest-platform\node_modules\next\node_modules\react-dom\cjs\react-dom-server.browser.production.min.js:70:253)
    at Z (C:\Users\my\Downloads\contest-platform\node_modules\next\node_modules\react-dom\cjs\react-dom-server.browser.production.min.js:76:89)
    at Zc (C:\Users\my\Downloads\contest-platform\node_modules\next\node_modules\react-dom\cjs\react-dom-server.browser.production.min.js:74:209)
    at Z (C:\Users\my\Downloads\contest-platform\node_modules\next\node_modules\react-dom\cjs\react-dom-server.browser.production.min.js:76:89)
    at Zc (C:\Users\my\Downloads\contest-platform\node_modules\next\node_modules\react-dom\cjs\react-dom-server.browser.production.min.js:74:209)
    at Z (C:\Users\my\Downloads\contest-platform\node_modules\next\node_modules\react-dom\cjs\react-dom-server.browser.production.min.js:76:89)
    at Zc (C:\Users\my\Downloads\contest-platform\node_modules\next\node_modules\react-dom\cjs\react-dom-server.browser.production.min.js:74:209)
TypeError: Cannot read properties of null (reading 'useContext')
    at exports.useContext (C:\Users\my\Downloads\contest-platform\node_modules\react\cjs\react.production.js:491:33)
    at StyleRegistry (C:\Users\my\Downloads\contest-platform\node_modules\styled-jsx\dist\index\index.js:450:30)
    at Wc (C:\Users\my\Downloads\contest-platform\node_modules\next\node_modules\react-dom\cjs\react-dom-server.browser.production.min.js:68:44)
    at Zc (C:\Users\my\Downloads\contest-platform\node_modules\next\node_modules\react-dom\cjs\react-dom-server.browser.production.min.js:70:253)
    at Z (C:\Users\my\Downloads\contest-platform\node_modules\next\node_modules\react-dom\cjs\react-dom-server.browser.production.min.js:76:89)
    at Zc (C:\Users\my\Downloads\contest-platform\node_modules\next\node_modules\react-dom\cjs\react-dom-server.browser.production.min.js:74:209)
    at Z (C:\Users\my\Downloads\contest-platform\node_modules\next\node_modules\react-dom\cjs\react-dom-server.browser.production.min.js:76:89)
    at Zc (C:\Users\my\Downloads\contest-platform\node_modules\next\node_modules\react-dom\cjs\react-dom-server.browser.production.min.js:74:209)
    at Z (C:\Users\my\Downloads\contest-platform\node_modules\next\node_modules\react-dom\cjs\react-dom-server.browser.production.min.js:76:89)
    at Zc (C:\Users\my\Downloads\contest-platform\node_modules\next\node_modules\react-dom\cjs\react-dom-server.browser.production.min.js:74:209)

Error occurred prerendering page "/500". Read more: https://nextjs.org/docs/messages/prerender-error

TypeError: Cannot read properties of null (reading 'useContext')
    at exports.useContext (C:\Users\my\Downloads\contest-platform\node_modules\react\cjs\react.production.js:491:33)
    at StyleRegistry (C:\Users\my\Downloads\contest-platform\node_modules\styled-jsx\dist\index\index.js:450:30)
    at Wc (C:\Users\my\Downloads\contest-platform\node_modules\next\node_modules\react-dom\cjs\react-dom-server.browser.production.min.js:68:44)
    at Zc (C:\Users\my\Downloads\contest-platform\node_modules\next\node_modules\react-dom\cjs\react-dom-server.browser.production.min.js:70:253)
    at Z (C:\Users\my\Downloads\contest-platform\node_modules\next\node_modules\react-dom\cjs\react-dom-server.browser.production.min.js:76:89)
    at Zc (C:\Users\my\Downloads\contest-platform\node_modules\next\node_modules\react-dom\cjs\react-dom-server.browser.production.min.js:74:209)
    at Z (C:\Users\my\Downloads\contest-platform\node_modules\next\node_modules\react-dom\cjs\react-dom-server.browser.production.min.js:76:89)
    at Zc (C:\Users\my\Downloads\contest-platform\node_modules\next\node_modules\react-dom\cjs\react-dom-server.browser.production.min.js:74:209)
    at Z (C:\Users\my\Downloads\contest-platform\node_modules\next\node_modules\react-dom\cjs\react-dom-server.browser.production.min.js:76:89)
    at Zc (C:\Users\my\Downloads\contest-platform\node_modules\next\node_modules\react-dom\cjs\react-dom-server.browser.production.min.js:74:209)
 ✓ Generating static pages (13/13)

> Export encountered errors on following paths:
	/_error: /404
	/_error: /500
	/leaderboard/page: /leaderboard
error: script "build" exited with code 1
